<?xml version="1.0" encoding="utf-8" standalone="no"?>
<!--This file represents the results of running a test suite-->
<test-results name="c:\Users\kingGreed\Lib\Maven\SkyLands\target\test-assemblies\SkyLands-test.dll" total="2" errors="0" failures="1" not-run="0" inconclusive="0" ignored="0" skipped="0" invalid="0" date="2013-03-30" time="19:38:00">
  <environment nunit-version="2.6.2.12296" clr-version="2.0.50727.5466" os-version="Microsoft Windows NT 6.1.7601 Service Pack 1" platform="Win32NT" cwd="c:\Users\kingGreed\Lib\Maven\SkyLands" machine-name="KINGGREED-PC" user="kingGreed" user-domain="kingGreed-PC" />
  <culture-info current-culture="fr-FR" current-uiculture="fr-FR" />
  <test-suite type="Assembly" name="c:\Users\kingGreed\Lib\Maven\SkyLands\target\test-assemblies\SkyLands-test.dll" executed="True" result="Failure" success="False" time="0.171" asserts="0">
    <results>
      <test-suite type="Namespace" name="Sample" executed="True" result="Failure" success="False" time="0.126" asserts="0">
        <results>
          <test-suite type="TestFixture" name="CraftingMgrTest" executed="True" result="Error" success="False" time="0.047" asserts="0">
            <failure>
              <message><![CDATA[SetUp : System.BadImageFormatException : Could not load file or assembly 'SkyLands, Version=1.0.0.0, Culture=neutral, PublicKeyToken=null' or one of its dependencies. Tentative de chargement d’un programme de format incorrect.]]></message>
              <stack-trace><![CDATA[at Sample.CraftingMgrTest..ctor()
]]></stack-trace>
            </failure>
            <results>
              <test-case name="Sample.CraftingMgrTest.TestGetBegining" executed="True" result="Failure" success="False" time="0.000" asserts="0">
                <failure>
                  <message><![CDATA[TestFixtureSetUp failed in CraftingMgrTest]]></message>
                  <stack-trace />
                </failure>
              </test-case>
            </results>
          </test-suite>
          <test-suite type="TestFixture" name="MyAppTest" executed="True" result="Success" success="True" time="0.053" asserts="0">
            <results>
              <test-case name="Sample.MyAppTest.TestSample" executed="True" result="Success" success="True" time="0.042" asserts="0" />
            </results>
          </test-suite>
        </results>
      </test-suite>
    </results>
  </test-suite>
</test-results>